Arguments: 
  /usr/bin/node /mnt/c/Users/home/AppData/Roaming/npm/node_modules/yarn/bin/yarn.js init

PATH: 
  /usr/local/sbin:/usr/local/bin:/usr/sbin:/usr/bin:/sbin:/bin:/usr/games:/usr/local/games:/mnt/c/ProgramData/Oracle/Java/javapath:/mnt/c/Python34/:/mnt/c/Python34/Scripts:/mnt/c/WINDOWS/system32:/mnt/c/WINDOWS:/mnt/c/WINDOWS/System32/Wbem:/mnt/c/WINDOWS/System32/WindowsPowerShell/v1.0/:/mnt/c/WINDOWS/System32/OpenSSH/:/mnt/c/Program Files (x86)/Java/jre1.8.0_72/bin:/mnt/c/Program Files/nodejs/:/mnt/c/Program Files/Git/cmd:/mnt/c/Users/home/AppData/Local/Programs/Python/Python38/Scripts/:/mnt/c/Users/home/AppData/Local/Programs/Python/Python38/:/mnt/c/Users/home/AppData/Local/Microsoft/WindowsApps:/mnt/c/Users/home/AppData/Local/Programs/Microsoft VS Code/bin:/mnt/c/Users/home/AppData/Roaming/npm:/mnt/c/flutter/bin:/mnt/c/Users/home/AppData/Local/Android/Sdk/platform-tools:/mnt/c/xampp/php

Yarn version: 
  1.22.10

Node version: 
  10.19.0

Platform: 
  linux x64

Trace: 
  Error: canceled
      at Interface.<anonymous> (/mnt/c/Users/home/AppData/Roaming/npm/node_modules/yarn/lib/cli.js:136216:13)
      at Interface.emit (events.js:198:13)
      at Interface._ttyWrite (readline.js:801:16)
      at ReadStream.onkeypress (readline.js:184:10)
      at ReadStream.emit (events.js:198:13)
      at emitKeys (internal/readline.js:424:14)
      at emitKeys.next (<anonymous>)
      at ReadStream.onData (readline.js:1073:36)
      at ReadStream.emit (events.js:198:13)
      at addChunk (_stream_readable.js:288:12)

npm manifest: 
  No manifest

yarn manifest: 
  No manifest

Lockfile: 
  No lockfile
